{
  "RSpec": {
    "coverage": {
      "/Users/kevinponce/Programming/market/spec/checkout_spec.rb": [
        null,
        null,
        1,
        null,
        1,
        3,
        3,
        null,
        1,
        2,
        2,
        null,
        null
      ],
      "/Users/kevinponce/Programming/market/spec/discount_spec.rb": [
        null,
        null,
        1,
        null,
        1,
        27,
        6,
        null,
        1,
        7,
        null,
        2,
        2,
        2,
        2,
        2,
        2,
        null,
        null,
        1,
        1,
        5,
        null,
        2,
        2,
        2,
        null,
        1,
        1,
        null,
        1,
        null,
        null,
        null,
        1,
        6,
        null,
        2,
        2,
        2,
        2,
        null,
        1,
        1,
        null,
        1,
        null,
        null,
        null,
        1,
        4,
        null,
        2,
        2,
        null,
        1,
        1,
        null,
        1,
        null,
        null,
        null,
        null,
        1,
        1,
        3,
        null,
        1,
        1,
        1,
        null,
        null,
        1,
        1,
        1,
        null,
        null,
        null,
        1,
        3,
        null,
        1,
        1,
        1,
        null,
        null,
        1,
        1,
        1,
        null,
        null,
        null,
        null,
        1,
        3,
        null,
        1,
        1,
        1,
        null,
        null,
        1,
        1,
        1,
        null,
        null,
        null,
        null,
        1,
        1,
        3,
        null,
        1,
        1,
        null,
        1,
        null,
        null,
        1,
        1,
        1,
        null,
        null,
        null,
        null
      ],
      "/Users/kevinponce/Programming/market/spec/product_spec.rb": [
        null,
        null,
        1,
        null,
        1,
        2,
        2,
        2,
        null
      ],
      "/Users/kevinponce/Programming/market/spec/receipt_spec.rb": [
        null,
        null,
        1,
        null,
        1,
        6,
        6,
        null,
        1,
        1,
        1,
        1,
        1,
        1,
        1,
        null,
        1,
        null,
        null,
        1,
        1,
        1,
        1,
        1,
        null,
        1,
        null,
        null,
        1,
        1,
        1,
        null,
        1,
        null,
        null,
        1,
        1,
        1,
        null,
        1,
        null,
        null,
        1,
        1,
        1,
        1,
        1,
        null,
        1,
        null,
        null,
        null
      ],
      "/Users/kevinponce/Programming/market/spec/store_spec.rb": [
        null,
        null,
        1,
        null,
        1,
        1,
        null
      ]
    },
    "timestamp": 1497503691
  }
}
